Starting WebP conversion for images in public/CoupleImage...
Found 239 JPG files to convert
[1/239] Already exists: couple_100.webp
[2/239] Already exists: couple_101.webp
[3/239] Already exists: couple_102.webp
[4/239] Already exists: couple_103.webp
[5/239] Already exists: couple_104.webp
[6/239] Already exists: couple_105.webp
[7/239] Already exists: couple_106.webp
[8/239] Already exists: couple_107.webp
[9/239] Already exists: couple_108.webp
[10/239] Already exists: couple_109.webp
[11/239] Already exists: couple_110.webp
[12/239] Already exists: couple_111.webp
[13/239] Already exists: couple_112.webp
[14/239] Already exists: couple_113.webp
[15/239] Already exists: couple_114.webp
[16/239] Already exists: couple_115.webp
[17/239] Already exists: couple_116.webp
[18/239] Already exists: couple_117.webp
[19/239] Already exists: couple_118.webp
[20/239] Converted: couple_119.jpg -> couple_119.webp
[21/239] Converted: couple_120.jpg -> couple_120.webp
[22/239] Converted: couple_121.jpg -> couple_121.webp
[23/239] Converted: couple_122.jpg -> couple_122.webp
[24/239] Converted: couple_123.jpg -> couple_123.webp
[25/239] Converted: couple_124.jpg -> couple_124.webp
[26/239] Converted: couple_125.jpg -> couple_125.webp
[27/239] Converted: couple_126.jpg -> couple_126.webp
[28/239] Converted: couple_127.jpg -> couple_127.webp
[29/239] Converted: couple_128.jpg -> couple_128.webp
[30/239] Converted: couple_129.jpg -> couple_129.webp
[31/239] Converted: couple_130.jpg -> couple_130.webp
[32/239] Converted: couple_131.jpg -> couple_131.webp
[33/239] Converted: couple_132.jpg -> couple_132.webp
[34/239] Converted: couple_133.jpg -> couple_133.webp
[35/239] Converted: couple_134.jpg -> couple_134.webp
[36/239] Converted: couple_135.jpg -> couple_135.webp
[37/239] Converted: couple_136.jpg -> couple_136.webp
[38/239] Converted: couple_137.jpg -> couple_137.webp
[39/239] Converted: couple_138.jpg -> couple_138.webp
[40/239] Converted: couple_139.jpg -> couple_139.webp
[41/239] Converted: couple_140.jpg -> couple_140.webp
[42/239] Converted: couple_141.jpg -> couple_141.webp
[43/239] Converted: couple_142.jpg -> couple_142.webp
[44/239] Converted: couple_143.jpg -> couple_143.webp
[45/239] Converted: couple_144.jpg -> couple_144.webp
[46/239] Converted: couple_145.jpg -> couple_145.webp
[47/239] Converted: couple_146.jpg -> couple_146.webp
[48/239] Converted: couple_147.jpg -> couple_147.webp
[49/239] Converted: couple_148.jpg -> couple_148.webp
[50/239] Converted: couple_149.jpg -> couple_149.webp
[51/239] Converted: couple_150.jpg -> couple_150.webp
[52/239] Converted: couple_151.jpg -> couple_151.webp
[53/239] Converted: couple_152.jpg -> couple_152.webp
[54/239] Converted: couple_153.jpg -> couple_153.webp
[55/239] Converted: couple_154.jpg -> couple_154.webp
[56/239] Converted: couple_155.jpg -> couple_155.webp
[57/239] Converted: couple_156.jpg -> couple_156.webp
[58/239] Converted: couple_157.jpg -> couple_157.webp
[59/239] Converted: couple_158.jpg -> couple_158.webp
[60/239] Converted: couple_159.jpg -> couple_159.webp
[61/239] Converted: couple_160.jpg -> couple_160.webp
[62/239] Converted: couple_161.jpg -> couple_161.webp
[63/239] Converted: couple_162.jpg -> couple_162.webp
[64/239] Converted: couple_163.jpg -> couple_163.webp
[65/239] Converted: couple_164.jpg -> couple_164.webp
[66/239] Converted: couple_165.jpg -> couple_165.webp
[67/239] Converted: couple_166.jpg -> couple_166.webp
[68/239] Converted: couple_167.jpg -> couple_167.webp
[69/239] Converted: couple_168.jpg -> couple_168.webp
[70/239] Converted: couple_169.jpg -> couple_169.webp
[71/239] Converted: couple_170.jpg -> couple_170.webp
[72/239] Converted: couple_171.jpg -> couple_171.webp
[73/239] Converted: couple_172.jpg -> couple_172.webp
[74/239] Converted: couple_173.jpg -> couple_173.webp
[75/239] Converted: couple_174.jpg -> couple_174.webp
[76/239] Converted: couple_175.jpg -> couple_175.webp
[77/239] Converted: couple_176.jpg -> couple_176.webp
[78/239] Converted: couple_177.jpg -> couple_177.webp
[79/239] Converted: couple_178.jpg -> couple_178.webp
[80/239] Converted: couple_179.jpg -> couple_179.webp
[81/239] Converted: couple_18.jpg -> couple_18.webp
[82/239] Converted: couple_180.jpg -> couple_180.webp
[83/239] Converted: couple_181.jpg -> couple_181.webp
[84/239] Converted: couple_182.jpg -> couple_182.webp
[85/239] Converted: couple_183.jpg -> couple_183.webp
[86/239] Converted: couple_184.jpg -> couple_184.webp
[87/239] Converted: couple_185.jpg -> couple_185.webp
[88/239] Converted: couple_186.jpg -> couple_186.webp
[89/239] Converted: couple_187.jpg -> couple_187.webp
[90/239] Converted: couple_188.jpg -> couple_188.webp
[91/239] Converted: couple_189.jpg -> couple_189.webp
[92/239] Converted: couple_19.jpg -> couple_19.webp
[93/239] Converted: couple_190.jpg -> couple_190.webp
[94/239] Converted: couple_191.jpg -> couple_191.webp
[95/239] Converted: couple_192.jpg -> couple_192.webp
[96/239] Converted: couple_193.jpg -> couple_193.webp
[97/239] Converted: couple_194.jpg -> couple_194.webp
[98/239] Converted: couple_195.jpg -> couple_195.webp
[99/239] Converted: couple_196.jpg -> couple_196.webp
[100/239] Converted: couple_197.jpg -> couple_197.webp
[101/239] Converted: couple_198.jpg -> couple_198.webp
[102/239] Converted: couple_199.jpg -> couple_199.webp
[103/239] Converted: couple_20.jpg -> couple_20.webp
[104/239] Converted: couple_200.jpg -> couple_200.webp
[105/239] Converted: couple_201.jpg -> couple_201.webp
[106/239] Converted: couple_202.jpg -> couple_202.webp
[107/239] Converted: couple_203.jpg -> couple_203.webp
[108/239] Converted: couple_204.jpg -> couple_204.webp
[109/239] Converted: couple_205.jpg -> couple_205.webp
[110/239] Converted: couple_206.jpg -> couple_206.webp
[111/239] Converted: couple_207.jpg -> couple_207.webp
[112/239] Converted: couple_208.jpg -> couple_208.webp
[113/239] Converted: couple_209.jpg -> couple_209.webp
[114/239] Converted: couple_21.jpg -> couple_21.webp
[115/239] Converted: couple_210.jpg -> couple_210.webp
[116/239] Converted: couple_211.jpg -> couple_211.webp
[117/239] Converted: couple_212.jpg -> couple_212.webp
[118/239] Converted: couple_213.jpg -> couple_213.webp
[119/239] Converted: couple_214.jpg -> couple_214.webp
[120/239] Converted: couple_215.jpg -> couple_215.webp
[121/239] Converted: couple_216.jpg -> couple_216.webp
[122/239] Converted: couple_217.jpg -> couple_217.webp
[123/239] Converted: couple_218.jpg -> couple_218.webp
[124/239] Converted: couple_219.jpg -> couple_219.webp
[125/239] Converted: couple_22.jpg -> couple_22.webp
[126/239] Converted: couple_220.jpg -> couple_220.webp
[127/239] Converted: couple_221.jpg -> couple_221.webp
[128/239] Converted: couple_222.jpg -> couple_222.webp
[129/239] Converted: couple_223.jpg -> couple_223.webp
[130/239] Converted: couple_224.jpg -> couple_224.webp
[131/239] Converted: couple_225.jpg -> couple_225.webp
[132/239] Converted: couple_226.jpg -> couple_226.webp
[133/239] Converted: couple_227.jpg -> couple_227.webp
[134/239] Converted: couple_228.jpg -> couple_228.webp
[135/239] Converted: couple_229.jpg -> couple_229.webp
[136/239] Converted: couple_23.jpg -> couple_23.webp
[137/239] Converted: couple_230.jpg -> couple_230.webp
[138/239] Converted: couple_231.jpg -> couple_231.webp
[139/239] Converted: couple_232.jpg -> couple_232.webp
[140/239] Converted: couple_233.jpg -> couple_233.webp
[141/239] Converted: couple_234.jpg -> couple_234.webp
[142/239] Converted: couple_235.jpg -> couple_235.webp
[143/239] Converted: couple_236.jpg -> couple_236.webp
[144/239] Converted: couple_237.jpg -> couple_237.webp
[145/239] Converted: couple_238.jpg -> couple_238.webp
[146/239] Converted: couple_239.jpg -> couple_239.webp
[147/239] Converted: couple_24.jpg -> couple_24.webp
[148/239] Converted: couple_240.jpg -> couple_240.webp
[149/239] Converted: couple_241.jpg -> couple_241.webp
[150/239] Converted: couple_242.jpg -> couple_242.webp
[151/239] Converted: couple_243.jpg -> couple_243.webp
[152/239] Converted: couple_244.jpg -> couple_244.webp
[153/239] Converted: couple_245.jpg -> couple_245.webp
[154/239] Converted: couple_246.jpg -> couple_246.webp
[155/239] Converted: couple_247.jpg -> couple_247.webp
[156/239] Converted: couple_248.jpg -> couple_248.webp
[157/239] Converted: couple_249.jpg -> couple_249.webp
[158/239] Converted: couple_25.jpg -> couple_25.webp
[159/239] Converted: couple_250.jpg -> couple_250.webp
[160/239] Converted: couple_251.jpg -> couple_251.webp
[161/239] Converted: couple_252.jpg -> couple_252.webp
[162/239] Converted: couple_253.jpg -> couple_253.webp
[163/239] Converted: couple_254.jpg -> couple_254.webp
[164/239] Converted: couple_255.jpg -> couple_255.webp
[165/239] Converted: couple_256.jpg -> couple_256.webp
[166/239] Converted: couple_26.jpg -> couple_26.webp
[167/239] Converted: couple_27.jpg -> couple_27.webp
[168/239] Converted: couple_28.jpg -> couple_28.webp
[169/239] Converted: couple_29.jpg -> couple_29.webp
[170/239] Converted: couple_30.jpg -> couple_30.webp
[171/239] Converted: couple_31.jpg -> couple_31.webp
[172/239] Converted: couple_32.jpg -> couple_32.webp
[173/239] Converted: couple_33.jpg -> couple_33.webp
[174/239] Converted: couple_34.jpg -> couple_34.webp
[175/239] Converted: couple_35.jpg -> couple_35.webp
[176/239] Converted: couple_36.jpg -> couple_36.webp
[177/239] Converted: couple_37.jpg -> couple_37.webp
[178/239] Converted: couple_38.jpg -> couple_38.webp
[179/239] Converted: couple_39.jpg -> couple_39.webp
[180/239] Converted: couple_40.jpg -> couple_40.webp
[181/239] Converted: couple_41.jpg -> couple_41.webp
[182/239] Converted: couple_42.jpg -> couple_42.webp
[183/239] Converted: couple_43.jpg -> couple_43.webp
[184/239] Converted: couple_44.jpg -> couple_44.webp
[185/239] Converted: couple_45.jpg -> couple_45.webp
[186/239] Converted: couple_46.jpg -> couple_46.webp
[187/239] Converted: couple_47.jpg -> couple_47.webp
[188/239] Converted: couple_48.jpg -> couple_48.webp
[189/239] Converted: couple_49.jpg -> couple_49.webp
[190/239] Converted: couple_50.jpg -> couple_50.webp
[191/239] Converted: couple_51.jpg -> couple_51.webp
[192/239] Converted: couple_52.jpg -> couple_52.webp
[193/239] Converted: couple_53.jpg -> couple_53.webp
[194/239] Converted: couple_54.jpg -> couple_54.webp
[195/239] Converted: couple_55.jpg -> couple_55.webp
[196/239] Converted: couple_56.jpg -> couple_56.webp
[197/239] Converted: couple_57.jpg -> couple_57.webp
[198/239] Converted: couple_58.jpg -> couple_58.webp
[199/239] Converted: couple_59.jpg -> couple_59.webp
[200/239] Converted: couple_60.jpg -> couple_60.webp
[201/239] Converted: couple_61.jpg -> couple_61.webp
[202/239] Converted: couple_62.jpg -> couple_62.webp
[203/239] Converted: couple_63.jpg -> couple_63.webp
[204/239] Converted: couple_64.jpg -> couple_64.webp
[205/239] Converted: couple_65.jpg -> couple_65.webp
[206/239] Converted: couple_66.jpg -> couple_66.webp
[207/239] Converted: couple_67.jpg -> couple_67.webp
[208/239] Converted: couple_68.jpg -> couple_68.webp
[209/239] Converted: couple_69.jpg -> couple_69.webp
[210/239] Converted: couple_70.jpg -> couple_70.webp
[211/239] Converted: couple_71.jpg -> couple_71.webp
[212/239] Converted: couple_72.jpg -> couple_72.webp
[213/239] Converted: couple_73.jpg -> couple_73.webp
[214/239] Converted: couple_74.jpg -> couple_74.webp
[215/239] Converted: couple_75.jpg -> couple_75.webp
[216/239] Converted: couple_76.jpg -> couple_76.webp
[217/239] Converted: couple_77.jpg -> couple_77.webp
[218/239] Converted: couple_78.jpg -> couple_78.webp
[219/239] Converted: couple_79.jpg -> couple_79.webp
[220/239] Converted: couple_80.jpg -> couple_80.webp
[221/239] Converted: couple_81.jpg -> couple_81.webp
[222/239] Converted: couple_82.jpg -> couple_82.webp
[223/239] Converted: couple_83.jpg -> couple_83.webp
[224/239] Converted: couple_84.jpg -> couple_84.webp
[225/239] Converted: couple_85.jpg -> couple_85.webp
[226/239] Converted: couple_86.jpg -> couple_86.webp
[227/239] Converted: couple_87.jpg -> couple_87.webp
[228/239] Converted: couple_88.jpg -> couple_88.webp
[229/239] Converted: couple_89.jpg -> couple_89.webp
[230/239] Converted: couple_90.jpg -> couple_90.webp
[231/239] Converted: couple_91.jpg -> couple_91.webp
[232/239] Converted: couple_92.jpg -> couple_92.webp
[233/239] Converted: couple_93.jpg -> couple_93.webp
[234/239] Converted: couple_94.jpg -> couple_94.webp
[235/239] Converted: couple_95.jpg -> couple_95.webp
[236/239] Converted: couple_96.jpg -> couple_96.webp
[237/239] Converted: couple_97.jpg -> couple_97.webp
[238/239] Converted: couple_98.jpg -> couple_98.webp
[239/239] Converted: couple_99.jpg -> couple_99.webp
Conversion complete! Processed 239 images.
